{"win":{"system":{"providerName":"Microsoft-Windows-Security-Auditing","providerGuid":"{54849625-5478-4994-a5ba-3e3b0328c30d}","eventID":"4625","version":"0","level":"0","task":"12544","opcode":"0","keywords":"0x8010000000000000","systemTime":"2026-07-06T20:10:15.000000000Z","eventRecordID":"1122334","channel":"Security","computer":"WIN-DC01","severityValue":"AUDIT_FAILURE","message":"An account failed to log on."},"eventdata":{"subjectUserSid":"S-1-0-0","targetUserName":"administrador","targetDomainName":"CORP","status":"0xc000006d","failureReason":"%%2313","logonType":"3","ipAddress":"198.51.100.23","ipPort":"0"}}}
{"win":{"system":{"providerName":"Microsoft-Windows-Security-Auditing","providerGuid":"{54849625-5478-4994-a5ba-3e3b0328c30d}","eventID":"4625","version":"0","level":"0","task":"12544","opcode":"0","keywords":"0x8010000000000000","systemTime":"2026-07-06T20:10:18.000000000Z","eventRecordID":"1122335","channel":"Security","computer":"WIN-DC01","severityValue":"AUDIT_FAILURE","message":"An account failed to log on."},"eventdata":{"subjectUserSid":"S-1-0-0","targetUserName":"administrador","targetDomainName":"CORP","status":"0xc000006d","failureReason":"%%2313","logonType":"3","ipAddress":"198.51.100.23","ipPort":"0"}}}
{"win":{"system":{"providerName":"Microsoft-Windows-Security-Auditing","providerGuid":"{54849625-5478-4994-a5ba-3e3b0328c30d}","eventID":"4625","version":"0","level":"0","task":"12544","opcode":"0","keywords":"0x8010000000000000","systemTime":"2026-07-06T20:10:21.000000000Z","eventRecordID":"1122336","channel":"Security","computer":"WIN-DC01","severityValue":"AUDIT_FAILURE","message":"An account failed to log on."},"eventdata":{"subjectUserSid":"S-1-0-0","targetUserName":"administrador","targetDomainName":"CORP","status":"0xc000006d","failureReason":"%%2313","logonType":"3","ipAddress":"198.51.100.23","ipPort":"0"}}}
{"win":{"system":{"providerName":"Microsoft-Windows-Security-Auditing","providerGuid":"{54849625-5478-4994-a5ba-3e3b0328c30d}","eventID":"4625","version":"0","level":"0","task":"12544","opcode":"0","keywords":"0x8010000000000000","systemTime":"2026-07-06T20:10:24.000000000Z","eventRecordID":"1122337","channel":"Security","computer":"WIN-DC01","severityValue":"AUDIT_FAILURE","message":"An account failed to log on."},"eventdata":{"subjectUserSid":"S-1-0-0","targetUserName":"administrador","targetDomainName":"CORP","status":"0xc000006d","failureReason":"%%2313","logonType":"3","ipAddress":"198.51.100.23","ipPort":"0"}}}
{"win":{"system":{"providerName":"Microsoft-Windows-Security-Auditing","providerGuid":"{54849625-5478-4994-a5ba-3e3b0328c30d}","eventID":"4625","version":"0","level":"0","task":"12544","opcode":"0","keywords":"0x8010000000000000","systemTime":"2026-07-06T20:10:27.000000000Z","eventRecordID":"1122338","channel":"Security","computer":"WIN-DC01","severityValue":"AUDIT_FAILURE","message":"An account failed to log on."},"eventdata":{"subjectUserSid":"S-1-0-0","targetUserName":"administrador","targetDomainName":"CORP","status":"0xc000006d","failureReason":"%%2313","logonType":"3","ipAddress":"198.51.100.23","ipPort":"0"}}}
{"win":{"system":{"providerName":"Microsoft-Windows-Security-Auditing","providerGuid":"{54849625-5478-4994-a5ba-3e3b0328c30d}","eventID":"4625","version":"0","level":"0","task":"12544","opcode":"0","keywords":"0x8010000000000000","systemTime":"2026-07-06T20:10:30.000000000Z","eventRecordID":"1122339","channel":"Security","computer":"WIN-DC01","severityValue":"AUDIT_FAILURE","message":"An account failed to log on."},"eventdata":{"subjectUserSid":"S-1-0-0","targetUserName":"administrador","targetDomainName":"CORP","status":"0xc000006d","failureReason":"%%2313","logonType":"3","ipAddress":"198.51.100.23","ipPort":"0"}}}
{"win":{"system":{"providerName":"Microsoft-Windows-Security-Auditing","providerGuid":"{54849625-5478-4994-a5ba-3e3b0328c30d}","eventID":"4625","version":"0","level":"0","task":"12544","opcode":"0","keywords":"0x8010000000000000","systemTime":"2026-07-06T20:10:33.000000000Z","eventRecordID":"1122340","channel":"Security","computer":"WIN-DC01","severityValue":"AUDIT_FAILURE","message":"An account failed to log on."},"eventdata":{"subjectUserSid":"S-1-0-0","targetUserName":"administrador","targetDomainName":"CORP","status":"0xc000006d","failureReason":"%%2313","logonType":"3","ipAddress":"198.51.100.23","ipPort":"0"}}}
{"win":{"system":{"providerName":"Microsoft-Windows-Security-Auditing","providerGuid":"{54849625-5478-4994-a5ba-3e3b0328c30d}","eventID":"4625","version":"0","level":"0","task":"12544","opcode":"0","keywords":"0x8010000000000000","systemTime":"2026-07-06T20:10:36.000000000Z","eventRecordID":"1122341","channel":"Security","computer":"WIN-DC01","severityValue":"AUDIT_FAILURE","message":"An account failed to log on."},"eventdata":{"subjectUserSid":"S-1-0-0","targetUserName":"administrador","targetDomainName":"CORP","status":"0xc000006d","failureReason":"%%2313","logonType":"3","ipAddress":"198.51.100.23","ipPort":"0"}}}
{"win":{"system":{"providerName":"Microsoft-Windows-Security-Auditing","providerGuid":"{54849625-5478-4994-a5ba-3e3b0328c30d}","eventID":"4625","version":"0","level":"0","task":"12544","opcode":"0","keywords":"0x8010000000000000","systemTime":"2026-07-06T20:10:39.000000000Z","eventRecordID":"1122342","channel":"Security","computer":"WIN-DC01","severityValue":"AUDIT_FAILURE","message":"An account failed to log on."},"eventdata":{"subjectUserSid":"S-1-0-0","targetUserName":"administrador","targetDomainName":"CORP","status":"0xc000006d","failureReason":"%%2313","logonType":"3","ipAddress":"198.51.100.23","ipPort":"0"}}}
{"win":{"system":{"providerName":"Microsoft-Windows-Security-Auditing","providerGuid":"{54849625-5478-4994-a5ba-3e3b0328c30d}","eventID":"4625","version":"0","level":"0","task":"12544","opcode":"0","keywords":"0x8010000000000000","systemTime":"2026-07-06T20:10:42.000000000Z","eventRecordID":"1122343","channel":"Security","computer":"WIN-DC01","severityValue":"AUDIT_FAILURE","message":"An account failed to log on."},"eventdata":{"subjectUserSid":"S-1-0-0","targetUserName":"administrador","targetDomainName":"CORP","status":"0xc000006d","failureReason":"%%2313","logonType":"3","ipAddress":"198.51.100.23","ipPort":"0"}}}
{"win":{"system":{"providerName":"Microsoft-Windows-Security-Auditing","providerGuid":"{54849625-5478-4994-a5ba-3e3b0328c30d}","eventID":"4624","version":"0","level":"0","task":"12544","opcode":"0","keywords":"0x8020000000000000","systemTime":"2026-07-06T20:10:58.000000000Z","eventRecordID":"1122350","channel":"Security","computer":"WIN-DC01","severityValue":"AUDIT_SUCCESS","message":"An account was successfully logged on."},"eventdata":{"subjectUserSid":"S-1-0-0","targetUserName":"administrador","targetDomainName":"CORP","status":"0x0","logonType":"3","ipAddress":"198.51.100.23","ipPort":"0","logonProcessName":"NtLmSsp","authenticationPackageName":"NTLM","workstationName":"ATTACKER-PC"}}}
